# JRE version: OpenJDK Runtime Environment (8.0_152-b01) (build 1.8.0_152-release-1248-b01)
# Java VM: OpenJDK 64-Bit Server VM (25.152-b01 mixed mode windows-amd64 compressed oops)
Heap:
 PSYoungGen      total 147456K, used 12566K [0x00000000e0000000, 0x00000000ebf00000, 0x0000000100000000)
  eden space 133632K, 9% used [0x00000000e0000000,0x00000000e0c45b90,0x00000000e8280000)
  from space 13824K, 0% used [0x00000000e8280000,0x00000000e8280000,0x00000000e9000000)
  to   space 13824K, 0% used [0x00000000eb180000,0x00000000eb180000,0x00000000ebf00000)
 ParOldGen       total 107520K, used 30301K [0x00000000a0000000, 0x00000000a6900000, 0x00000000e0000000)
  object space 107520K, 28% used [0x00000000a0000000,0x00000000a1d977f8,0x00000000a6900000)
 Metaspace       used 57979K, capacity 59470K, committed 59560K, reserved 1099776K
  class space    used 7934K, capacity 8332K, committed 8368K, reserved 1048576K
GC Heap History (10 events):
Event: 14.605 GC heap before
{Heap before GC invocations=12 (full 2):
 PSYoungGen      total 115200K, used 7142K [0x00000000e0000000, 0x00000000e8e80000, 0x0000000100000000)
  eden space 105984K, 0% used [0x00000000e0000000,0x00000000e0000000,0x00000000e6780000)
  from space 9216K, 77% used [0x00000000e7100000,0x00000000e77f9aa8,0x00000000e7a00000)
  to   space 9728K, 0% used [0x00000000e6780000,0x00000000e6780000,0x00000000e7100000)
 ParOldGen       total 45568K, used 11251K [0x00000000a0000000, 0x00000000a2c80000, 0x00000000e0000000)
  object space 45568K, 24% used [0x00000000a0000000,0x00000000a0afccd0,0x00000000a2c80000)
 Metaspace       used 34668K, capacity 35230K, committed 35496K, reserved 1079296K
  class space    used 4828K, capacity 5033K, committed 5040K, reserved 1048576K
Event: 14.723 GC heap after
Heap after GC invocations=12 (full 2):
 PSYoungGen      total 115200K, used 0K [0x00000000e0000000, 0x00000000e8e80000, 0x0000000100000000)
  eden space 105984K, 0% used [0x00000000e0000000,0x00000000e0000000,0x00000000e6780000)
  from space 9216K, 0% used [0x00000000e7100000,0x00000000e7100000,0x00000000e7a00000)
  to   space 9728K, 0% used [0x00000000e6780000,0x00000000e6780000,0x00000000e7100000)
 ParOldGen       total 70656K, used 16163K [0x00000000a0000000, 0x00000000a4500000, 0x00000000e0000000)
  object space 70656K, 22% used [0x00000000a0000000,0x00000000a0fc8db8,0x00000000a4500000)
 Metaspace       used 34668K, capacity 35230K, committed 35496K, reserved 1079296K
  class space    used 4828K, capacity 5033K, committed 5040K, reserved 1048576K
}
Event: 21.209 GC heap before
{Heap before GC invocations=13 (full 2):
 PSYoungGen      total 115200K, used 105984K [0x00000000e0000000, 0x00000000e8e80000, 0x0000000100000000)
  eden space 105984K, 100% used [0x00000000e0000000,0x00000000e6780000,0x00000000e6780000)
  from space 9216K, 0% used [0x00000000e7100000,0x00000000e7100000,0x00000000e7a00000)
  to   space 9728K, 0% used [0x00000000e6780000,0x00000000e6780000,0x00000000e7100000)
 ParOldGen       total 70656K, used 16163K [0x00000000a0000000, 0x00000000a4500000, 0x00000000e0000000)
  object space 70656K, 22% used [0x00000000a0000000,0x00000000a0fc8db8,0x00000000a4500000)
 Metaspace       used 43998K, capacity 44858K, committed 45224K, reserved 1087488K
  class space    used 5995K, capacity 6284K, committed 6320K, reserved 1048576K
Event: 21.271 GC heap after
Heap after GC invocations=13 (full 2):
 PSYoungGen      total 115712K, used 9704K [0x00000000e0000000, 0x00000000e9e80000, 0x0000000100000000)
  eden space 105984K, 0% used [0x00000000e0000000,0x00000000e0000000,0x00000000e6780000)
  from space 9728K, 99% used [0x00000000e6780000,0x00000000e70fa258,0x00000000e7100000)
  to   space 12800K, 0% used [0x00000000e9200000,0x00000000e9200000,0x00000000e9e80000)
 ParOldGen       total 70656K, used 21699K [0x00000000a0000000, 0x00000000a4500000, 0x00000000e0000000)
  object space 70656K, 30% used [0x00000000a0000000,0x00000000a1530c80,0x00000000a4500000)
 Metaspace       used 43998K, capacity 44858K, committed 45224K, reserved 1087488K
  class space    used 5995K, capacity 6284K, committed 6320K, reserved 1048576K
}
Event: 30.032 GC heap before
{Heap before GC invocations=14 (full 2):
 PSYoungGen      total 115712K, used 115688K [0x00000000e0000000, 0x00000000e9e80000, 0x0000000100000000)
  eden space 105984K, 100% used [0x00000000e0000000,0x00000000e6780000,0x00000000e6780000)
  from space 9728K, 99% used [0x00000000e6780000,0x00000000e70fa258,0x00000000e7100000)
  to   space 12800K, 0% used [0x00000000e9200000,0x00000000e9200000,0x00000000e9e80000)
 ParOldGen       total 70656K, used 21699K [0x00000000a0000000, 0x00000000a4500000, 0x00000000e0000000)
  object space 70656K, 30% used [0x00000000a0000000,0x00000000a1530c80,0x00000000a4500000)
 Metaspace       used 53958K, capacity 55204K, committed 55336K, reserved 1097728K
  class space    used 7299K, capacity 7681K, committed 7728K, reserved 1048576K
Event: 30.066 GC heap after
Heap after GC invocations=14 (full 2):
 PSYoungGen      total 145408K, used 11053K [0x00000000e0000000, 0x00000000e9d80000, 0x0000000100000000)
  eden space 133632K, 0% used [0x00000000e0000000,0x00000000e0000000,0x00000000e8280000)
  from space 11776K, 93% used [0x00000000e9200000,0x00000000e9ccb788,0x00000000e9d80000)
  to   space 13824K, 0% used [0x00000000e8280000,0x00000000e8280000,0x00000000e9000000)
 ParOldGen       total 70656K, used 29777K [0x00000000a0000000, 0x00000000a4500000, 0x00000000e0000000)
  object space 70656K, 42% used [0x00000000a0000000,0x00000000a1d14668,0x00000000a4500000)
 Metaspace       used 53958K, capacity 55204K, committed 55336K, reserved 1097728K
  class space    used 7299K, capacity 7681K, committed 7728K, reserved 1048576K
}
Event: 33.311 GC heap before
{Heap before GC invocations=15 (full 2):
 PSYoungGen      total 145408K, used 60281K [0x00000000e0000000, 0x00000000e9d80000, 0x0000000100000000)
  eden space 133632K, 36% used [0x00000000e0000000,0x00000000e3012d48,0x00000000e8280000)
  from space 11776K, 93% used [0x00000000e9200000,0x00000000e9ccb788,0x00000000e9d80000)
  to   space 13824K, 0% used [0x00000000e8280000,0x00000000e8280000,0x00000000e9000000)
 ParOldGen       total 70656K, used 29777K [0x00000000a0000000, 0x00000000a4500000, 0x00000000e0000000)
  object space 70656K, 42% used [0x00000000a0000000,0x00000000a1d14668,0x00000000a4500000)
 Metaspace       used 57529K, capacity 59048K, committed 59160K, reserved 1099776K
  class space    used 7874K, capacity 8299K, committed 8368K, reserved 1048576K
Event: 33.340 GC heap after
Heap after GC invocations=15 (full 2):
 PSYoungGen      total 147456K, used 8946K [0x00000000e0000000, 0x00000000ebf00000, 0x0000000100000000)
  eden space 133632K, 0% used [0x00000000e0000000,0x00000000e0000000,0x00000000e8280000)
  from space 13824K, 64% used [0x00000000e8280000,0x00000000e8b3cbd8,0x00000000e9000000)
  to   space 13824K, 0% used [0x00000000eb180000,0x00000000eb180000,0x00000000ebf00000)
 ParOldGen       total 70656K, used 29785K [0x00000000a0000000, 0x00000000a4500000, 0x00000000e0000000)
  object space 70656K, 42% used [0x00000000a0000000,0x00000000a1d16668,0x00000000a4500000)
 Metaspace       used 57529K, capacity 59048K, committed 59160K, reserved 1099776K
  class space    used 7874K, capacity 8299K, committed 8368K, reserved 1048576K
}
Event: 33.340 GC heap before
{Heap before GC invocations=16 (full 3):
 PSYoungGen      total 147456K, used 8946K [0x00000000e0000000, 0x00000000ebf00000, 0x0000000100000000)
  eden space 133632K, 0% used [0x00000000e0000000,0x00000000e0000000,0x00000000e8280000)
  from space 13824K, 64% used [0x00000000e8280000,0x00000000e8b3cbd8,0x00000000e9000000)
  to   space 13824K, 0% used [0x00000000eb180000,0x00000000eb180000,0x00000000ebf00000)
 ParOldGen       total 70656K, used 29785K [0x00000000a0000000, 0x00000000a4500000, 0x00000000e0000000)
  object space 70656K, 42% used [0x00000000a0000000,0x00000000a1d16668,0x00000000a4500000)
 Metaspace       used 57529K, capacity 59048K, committed 59160K, reserved 1099776K
  class space    used 7874K, capacity 8299K, committed 8368K, reserved 1048576K
Event: 33.752 GC heap after
Heap after GC invocations=16 (full 3):
 PSYoungGen      total 147456K, used 0K [0x00000000e0000000, 0x00000000ebf00000, 0x0000000100000000)
  eden space 133632K, 0% used [0x00000000e0000000,0x00000000e0000000,0x00000000e8280000)
  from space 13824K, 0% used [0x00000000e8280000,0x00000000e8280000,0x00000000e9000000)
  to   space 13824K, 0% used [0x00000000eb180000,0x00000000eb180000,0x00000000ebf00000)
 ParOldGen       total 107520K, used 30301K [0x00000000a0000000, 0x00000000a6900000, 0x00000000e0000000)
  object space 107520K, 28% used [0x00000000a0000000,0x00000000a1d977f8,0x00000000a6900000)
 Metaspace       used 57529K, capacity 59048K, committed 59160K, reserved 1099776K
  class space    used 7874K, capacity 8299K, committed 8368K, reserved 1048576K
}

