# JRE version: OpenJDK Runtime Environment (8.0_152-b01) (build 1.8.0_152-release-1248-b01)
# Java VM: OpenJDK 64-Bit Server VM (25.152-b01 mixed mode windows-amd64 compressed oops)
Heap:
 PSYoungGen      total 128000K, used 87357K [0x00000000e0000000, 0x00000000e9780000, 0x0000000100000000)
  eden space 118272K, 73% used [0x00000000e0000000,0x00000000e554f480,0x00000000e7380000)
  from space 9728K, 0% used [0x00000000e7d00000,0x00000000e7d00000,0x00000000e8680000)
  to   space 9728K, 0% used [0x00000000e7380000,0x00000000e7380000,0x00000000e7d00000)
 ParOldGen       total 70656K, used 16225K [0x00000000a0000000, 0x00000000a4500000, 0x00000000e0000000)
  object space 70656K, 22% used [0x00000000a0000000,0x00000000a0fd8510,0x00000000a4500000)
 Metaspace       used 42131K, capacity 42876K, committed 43184K, reserved 1087488K
  class space    used 5704K, capacity 5989K, committed 6064K, reserved 1048576K
GC Heap History (10 events):
Event: 6.156 GC heap before
{Heap before GC invocations=8 (full 1):
 PSYoungGen      total 58368K, used 5472K [0x00000000e0000000, 0x00000000e7100000, 0x0000000100000000)
  eden space 49152K, 0% used [0x00000000e0000000,0x00000000e0000000,0x00000000e3000000)
  from space 9216K, 59% used [0x00000000e3000000,0x00000000e35583f8,0x00000000e3900000)
  to   space 8704K, 0% used [0x00000000e6880000,0x00000000e6880000,0x00000000e7100000)
 ParOldGen       total 65536K, used 9003K [0x00000000a0000000, 0x00000000a4000000, 0x00000000e0000000)
  object space 65536K, 13% used [0x00000000a0000000,0x00000000a08cac18,0x00000000a4000000)
 Metaspace       used 20828K, capacity 21250K, committed 21296K, reserved 1067008K
  class space    used 2913K, capacity 3089K, committed 3120K, reserved 1048576K
Event: 6.205 GC heap after
Heap after GC invocations=8 (full 1):
 PSYoungGen      total 58368K, used 0K [0x00000000e0000000, 0x00000000e7100000, 0x0000000100000000)
  eden space 49152K, 0% used [0x00000000e0000000,0x00000000e0000000,0x00000000e3000000)
  from space 9216K, 0% used [0x00000000e3000000,0x00000000e3000000,0x00000000e3900000)
  to   space 8704K, 0% used [0x00000000e6880000,0x00000000e6880000,0x00000000e7100000)
 ParOldGen       total 44032K, used 8223K [0x00000000a0000000, 0x00000000a2b00000, 0x00000000e0000000)
  object space 44032K, 18% used [0x00000000a0000000,0x00000000a0807df0,0x00000000a2b00000)
 Metaspace       used 20828K, capacity 21250K, committed 21296K, reserved 1067008K
  class space    used 2913K, capacity 3089K, committed 3120K, reserved 1048576K
}
Event: 6.983 GC heap before
{Heap before GC invocations=9 (full 1):
 PSYoungGen      total 58368K, used 49152K [0x00000000e0000000, 0x00000000e7100000, 0x0000000100000000)
  eden space 49152K, 100% used [0x00000000e0000000,0x00000000e3000000,0x00000000e3000000)
  from space 9216K, 0% used [0x00000000e3000000,0x00000000e3000000,0x00000000e3900000)
  to   space 8704K, 0% used [0x00000000e6880000,0x00000000e6880000,0x00000000e7100000)
 ParOldGen       total 44032K, used 8223K [0x00000000a0000000, 0x00000000a2b00000, 0x00000000e0000000)
  object space 44032K, 18% used [0x00000000a0000000,0x00000000a0807df0,0x00000000a2b00000)
 Metaspace       used 26313K, capacity 26840K, committed 27184K, reserved 1073152K
  class space    used 3578K, capacity 3772K, committed 3888K, reserved 1048576K
Event: 6.991 GC heap after
Heap after GC invocations=9 (full 1):
 PSYoungGen      total 89088K, used 5488K [0x00000000e0000000, 0x00000000e6e00000, 0x0000000100000000)
  eden space 83456K, 0% used [0x00000000e0000000,0x00000000e0000000,0x00000000e5180000)
  from space 5632K, 97% used [0x00000000e6880000,0x00000000e6ddc218,0x00000000e6e00000)
  to   space 8192K, 0% used [0x00000000e5e00000,0x00000000e5e00000,0x00000000e6600000)
 ParOldGen       total 44032K, used 8231K [0x00000000a0000000, 0x00000000a2b00000, 0x00000000e0000000)
  object space 44032K, 18% used [0x00000000a0000000,0x00000000a0809df0,0x00000000a2b00000)
 Metaspace       used 26313K, capacity 26840K, committed 27184K, reserved 1073152K
  class space    used 3578K, capacity 3772K, committed 3888K, reserved 1048576K
}
Event: 8.554 GC heap before
{Heap before GC invocations=10 (full 1):
 PSYoungGen      total 89088K, used 88944K [0x00000000e0000000, 0x00000000e6e00000, 0x0000000100000000)
  eden space 83456K, 100% used [0x00000000e0000000,0x00000000e5180000,0x00000000e5180000)
  from space 5632K, 97% used [0x00000000e6880000,0x00000000e6ddc218,0x00000000e6e00000)
  to   space 8192K, 0% used [0x00000000e5e00000,0x00000000e5e00000,0x00000000e6600000)
 ParOldGen       total 44032K, used 8231K [0x00000000a0000000, 0x00000000a2b00000, 0x00000000e0000000)
  object space 44032K, 18% used [0x00000000a0000000,0x00000000a0809df0,0x00000000a2b00000)
 Metaspace       used 30651K, capacity 31100K, committed 31408K, reserved 1077248K
  class space    used 4252K, capacity 4423K, committed 4528K, reserved 1048576K
Event: 8.579 GC heap after
Heap after GC invocations=10 (full 1):
 PSYoungGen      total 104448K, used 8191K [0x00000000e0000000, 0x00000000e8680000, 0x0000000100000000)
  eden space 96256K, 0% used [0x00000000e0000000,0x00000000e0000000,0x00000000e5e00000)
  from space 8192K, 99% used [0x00000000e5e00000,0x00000000e65ffc48,0x00000000e6600000)
  to   space 9728K, 0% used [0x00000000e7d00000,0x00000000e7d00000,0x00000000e8680000)
 ParOldGen       total 44032K, used 9138K [0x00000000a0000000, 0x00000000a2b00000, 0x00000000e0000000)
  object space 44032K, 20% used [0x00000000a0000000,0x00000000a08ecb70,0x00000000a2b00000)
 Metaspace       used 30651K, capacity 31100K, committed 31408K, reserved 1077248K
  class space    used 4252K, capacity 4423K, committed 4528K, reserved 1048576K
}
Event: 9.794 GC heap before
{Heap before GC invocations=11 (full 1):
 PSYoungGen      total 104448K, used 40832K [0x00000000e0000000, 0x00000000e8680000, 0x0000000100000000)
  eden space 96256K, 33% used [0x00000000e0000000,0x00000000e1fe03d8,0x00000000e5e00000)
  from space 8192K, 99% used [0x00000000e5e00000,0x00000000e65ffc48,0x00000000e6600000)
  to   space 9728K, 0% used [0x00000000e7d00000,0x00000000e7d00000,0x00000000e8680000)
 ParOldGen       total 44032K, used 9138K [0x00000000a0000000, 0x00000000a2b00000, 0x00000000e0000000)
  object space 44032K, 20% used [0x00000000a0000000,0x00000000a08ecb70,0x00000000a2b00000)
 Metaspace       used 34796K, capacity 35326K, committed 35496K, reserved 1079296K
  class space    used 4841K, capacity 5065K, committed 5168K, reserved 1048576K
Event: 9.812 GC heap after
Heap after GC invocations=11 (full 1):
 PSYoungGen      total 128000K, used 7181K [0x00000000e0000000, 0x00000000e9780000, 0x0000000100000000)
  eden space 118272K, 0% used [0x00000000e0000000,0x00000000e0000000,0x00000000e7380000)
  from space 9728K, 73% used [0x00000000e7d00000,0x00000000e8403438,0x00000000e8680000)
  to   space 9728K, 0% used [0x00000000e7380000,0x00000000e7380000,0x00000000e7d00000)
 ParOldGen       total 44032K, used 11474K [0x00000000a0000000, 0x00000000a2b00000, 0x00000000e0000000)
  object space 44032K, 26% used [0x00000000a0000000,0x00000000a0b34bc0,0x00000000a2b00000)
 Metaspace       used 34796K, capacity 35326K, committed 35496K, reserved 1079296K
  class space    used 4841K, capacity 5065K, committed 5168K, reserved 1048576K
}
Event: 9.812 GC heap before
{Heap before GC invocations=12 (full 2):
 PSYoungGen      total 128000K, used 7181K [0x00000000e0000000, 0x00000000e9780000, 0x0000000100000000)
  eden space 118272K, 0% used [0x00000000e0000000,0x00000000e0000000,0x00000000e7380000)
  from space 9728K, 73% used [0x00000000e7d00000,0x00000000e8403438,0x00000000e8680000)
  to   space 9728K, 0% used [0x00000000e7380000,0x00000000e7380000,0x00000000e7d00000)
 ParOldGen       total 44032K, used 11474K [0x00000000a0000000, 0x00000000a2b00000, 0x00000000e0000000)
  object space 44032K, 26% used [0x00000000a0000000,0x00000000a0b34bc0,0x00000000a2b00000)
 Metaspace       used 34796K, capacity 35326K, committed 35496K, reserved 1079296K
  class space    used 4841K, capacity 5065K, committed 5168K, reserved 1048576K
Event: 9.947 GC heap after
Heap after GC invocations=12 (full 2):
 PSYoungGen      total 128000K, used 0K [0x00000000e0000000, 0x00000000e9780000, 0x0000000100000000)
  eden space 118272K, 0% used [0x00000000e0000000,0x00000000e0000000,0x00000000e7380000)
  from space 9728K, 0% used [0x00000000e7d00000,0x00000000e7d00000,0x00000000e8680000)
  to   space 9728K, 0% used [0x00000000e7380000,0x00000000e7380000,0x00000000e7d00000)
 ParOldGen       total 70656K, used 16225K [0x00000000a0000000, 0x00000000a4500000, 0x00000000e0000000)
  object space 70656K, 22% used [0x00000000a0000000,0x00000000a0fd8510,0x00000000a4500000)
 Metaspace       used 34796K, capacity 35326K, committed 35496K, reserved 1079296K
  class space    used 4841K, capacity 5065K, committed 5168K, reserved 1048576K
}

