# JRE version: OpenJDK Runtime Environment (8.0_152-b01) (build 1.8.0_152-release-1248-b01)
# Java VM: OpenJDK 64-Bit Server VM (25.152-b01 mixed mode windows-amd64 compressed oops)
Heap:
 PSYoungGen      total 162816K, used 155471K [0x00000000e0000000, 0x00000000ec080000, 0x0000000100000000)
  eden space 159232K, 95% used [0x00000000e0000000,0x00000000e945bfd0,0x00000000e9b80000)
  from space 3584K, 99% used [0x00000000ebd00000,0x00000000ec078010,0x00000000ec080000)
  to   space 14848K, 0% used [0x00000000eae80000,0x00000000eae80000,0x00000000ebd00000)
 ParOldGen       total 110592K, used 41013K [0x00000000a0000000, 0x00000000a6c00000, 0x00000000e0000000)
  object space 110592K, 37% used [0x00000000a0000000,0x00000000a280d438,0x00000000a6c00000)
 Metaspace       used 75969K, capacity 78542K, committed 78720K, reserved 1118208K
  class space    used 9847K, capacity 10511K, committed 10624K, reserved 1048576K
GC Heap History (10 events):
Event: 23.872 GC heap before
{Heap before GC invocations=17 (full 3):
 PSYoungGen      total 148480K, used 134144K [0x00000000e0000000, 0x00000000ec700000, 0x0000000100000000)
  eden space 134144K, 100% used [0x00000000e0000000,0x00000000e8300000,0x00000000e8300000)
  from space 14336K, 0% used [0x00000000e8300000,0x00000000e8300000,0x00000000e9100000)
  to   space 14336K, 0% used [0x00000000eb900000,0x00000000eb900000,0x00000000ec700000)
 ParOldGen       total 110592K, used 30180K [0x00000000a0000000, 0x00000000a6c00000, 0x00000000e0000000)
  object space 110592K, 27% used [0x00000000a0000000,0x00000000a1d79190,0x00000000a6c00000)
 Metaspace       used 63567K, capacity 65438K, committed 65664K, reserved 1105920K
  class space    used 8493K, capacity 9006K, committed 9088K, reserved 1048576K
Event: 23.885 GC heap after
Heap after GC invocations=17 (full 3):
 PSYoungGen      total 169472K, used 10483K [0x00000000e0000000, 0x00000000ec380000, 0x0000000100000000)
  eden space 158720K, 0% used [0x00000000e0000000,0x00000000e0000000,0x00000000e9b00000)
  from space 10752K, 97% used [0x00000000eb900000,0x00000000ec33cc30,0x00000000ec380000)
  to   space 14848K, 0% used [0x00000000ea680000,0x00000000ea680000,0x00000000eb500000)
 ParOldGen       total 110592K, used 30188K [0x00000000a0000000, 0x00000000a6c00000, 0x00000000e0000000)
  object space 110592K, 27% used [0x00000000a0000000,0x00000000a1d7b190,0x00000000a6c00000)
 Metaspace       used 63567K, capacity 65438K, committed 65664K, reserved 1105920K
  class space    used 8493K, capacity 9006K, committed 9088K, reserved 1048576K
}
Event: 1271.067 GC heap before
{Heap before GC invocations=18 (full 3):
 PSYoungGen      total 169472K, used 169203K [0x00000000e0000000, 0x00000000ec380000, 0x0000000100000000)
  eden space 158720K, 100% used [0x00000000e0000000,0x00000000e9b00000,0x00000000e9b00000)
  from space 10752K, 97% used [0x00000000eb900000,0x00000000ec33cc30,0x00000000ec380000)
  to   space 14848K, 0% used [0x00000000ea680000,0x00000000ea680000,0x00000000eb500000)
 ParOldGen       total 110592K, used 30188K [0x00000000a0000000, 0x00000000a6c00000, 0x00000000e0000000)
  object space 110592K, 27% used [0x00000000a0000000,0x00000000a1d7b190,0x00000000a6c00000)
 Metaspace       used 64762K, capacity 66790K, committed 66944K, reserved 1107968K
  class space    used 8544K, capacity 9051K, committed 9088K, reserved 1048576K
Event: 1271.081 GC heap after
Heap after GC invocations=18 (full 3):
 PSYoungGen      total 185344K, used 7592K [0x00000000e0000000, 0x00000000ece00000, 0x0000000100000000)
  eden space 170496K, 0% used [0x00000000e0000000,0x00000000e0000000,0x00000000ea680000)
  from space 14848K, 51% used [0x00000000ea680000,0x00000000eadea070,0x00000000eb500000)
  to   space 14336K, 0% used [0x00000000ec000000,0x00000000ec000000,0x00000000ece00000)
 ParOldGen       total 110592K, used 30196K [0x00000000a0000000, 0x00000000a6c00000, 0x00000000e0000000)
  object space 110592K, 27% used [0x00000000a0000000,0x00000000a1d7d190,0x00000000a6c00000)
 Metaspace       used 64762K, capacity 66790K, committed 66944K, reserved 1107968K
  class space    used 8544K, capacity 9051K, committed 9088K, reserved 1048576K
}
Event: 4122.014 GC heap before
{Heap before GC invocations=19 (full 3):
 PSYoungGen      total 185344K, used 178088K [0x00000000e0000000, 0x00000000ece00000, 0x0000000100000000)
  eden space 170496K, 100% used [0x00000000e0000000,0x00000000ea680000,0x00000000ea680000)
  from space 14848K, 51% used [0x00000000ea680000,0x00000000eadea070,0x00000000eb500000)
  to   space 14336K, 0% used [0x00000000ec000000,0x00000000ec000000,0x00000000ece00000)
 ParOldGen       total 110592K, used 30196K [0x00000000a0000000, 0x00000000a6c00000, 0x00000000e0000000)
  object space 110592K, 27% used [0x00000000a0000000,0x00000000a1d7d190,0x00000000a6c00000)
 Metaspace       used 68146K, capacity 70444K, committed 70784K, reserved 1110016K
  class space    used 8947K, capacity 9526K, committed 9600K, reserved 1048576K
Event: 4122.050 GC heap after
Heap after GC invocations=19 (full 3):
 PSYoungGen      total 176640K, used 11773K [0x00000000e0000000, 0x00000000ecb80000, 0x0000000100000000)
  eden space 164864K, 0% used [0x00000000e0000000,0x00000000e0000000,0x00000000ea100000)
  from space 11776K, 99% used [0x00000000ec000000,0x00000000ecb7f790,0x00000000ecb80000)
  to   space 14848K, 0% used [0x00000000eae80000,0x00000000eae80000,0x00000000ebd00000)
 ParOldGen       total 110592K, used 30204K [0x00000000a0000000, 0x00000000a6c00000, 0x00000000e0000000)
  object space 110592K, 27% used [0x00000000a0000000,0x00000000a1d7f190,0x00000000a6c00000)
 Metaspace       used 68146K, capacity 70444K, committed 70784K, reserved 1110016K
  class space    used 8947K, capacity 9526K, committed 9600K, reserved 1048576K
}
Event: 4206.890 GC heap before
{Heap before GC invocations=20 (full 3):
 PSYoungGen      total 176640K, used 176637K [0x00000000e0000000, 0x00000000ecb80000, 0x0000000100000000)
  eden space 164864K, 100% used [0x00000000e0000000,0x00000000ea100000,0x00000000ea100000)
  from space 11776K, 99% used [0x00000000ec000000,0x00000000ecb7f790,0x00000000ecb80000)
  to   space 14848K, 0% used [0x00000000eae80000,0x00000000eae80000,0x00000000ebd00000)
 ParOldGen       total 110592K, used 30204K [0x00000000a0000000, 0x00000000a6c00000, 0x00000000e0000000)
  object space 110592K, 27% used [0x00000000a0000000,0x00000000a1d7f190,0x00000000a6c00000)
 Metaspace       used 74773K, capacity 77184K, committed 77440K, reserved 1116160K
  class space    used 9675K, capacity 10278K, committed 10368K, reserved 1048576K
Event: 4206.931 GC heap after
Heap after GC invocations=20 (full 3):
 PSYoungGen      total 174080K, used 14827K [0x00000000e0000000, 0x00000000ec080000, 0x0000000100000000)
  eden space 159232K, 0% used [0x00000000e0000000,0x00000000e0000000,0x00000000e9b80000)
  from space 14848K, 99% used [0x00000000eae80000,0x00000000ebcfae98,0x00000000ebd00000)
  to   space 3584K, 0% used [0x00000000ebd00000,0x00000000ebd00000,0x00000000ec080000)
 ParOldGen       total 110592K, used 31325K [0x00000000a0000000, 0x00000000a6c00000, 0x00000000e0000000)
  object space 110592K, 28% used [0x00000000a0000000,0x00000000a1e97538,0x00000000a6c00000)
 Metaspace       used 74773K, capacity 77184K, committed 77440K, reserved 1116160K
  class space    used 9675K, capacity 10278K, committed 10368K, reserved 1048576K
}
Event: 4208.005 GC heap before
{Heap before GC invocations=21 (full 3):
 PSYoungGen      total 174080K, used 173107K [0x00000000e0000000, 0x00000000ec080000, 0x0000000100000000)
  eden space 159232K, 99% used [0x00000000e0000000,0x00000000e9a91f50,0x00000000e9b80000)
  from space 14848K, 99% used [0x00000000eae80000,0x00000000ebcfae98,0x00000000ebd00000)
  to   space 3584K, 0% used [0x00000000ebd00000,0x00000000ebd00000,0x00000000ec080000)
 ParOldGen       total 110592K, used 31325K [0x00000000a0000000, 0x00000000a6c00000, 0x00000000e0000000)
  object space 110592K, 28% used [0x00000000a0000000,0x00000000a1e97538,0x00000000a6c00000)
 Metaspace       used 75774K, capacity 78308K, committed 78592K, reserved 1118208K
  class space    used 9820K, capacity 10438K, committed 10496K, reserved 1048576K
Event: 4208.035 GC heap after
Heap after GC invocations=21 (full 3):
 PSYoungGen      total 162816K, used 3552K [0x00000000e0000000, 0x00000000ec080000, 0x0000000100000000)
  eden space 159232K, 0% used [0x00000000e0000000,0x00000000e0000000,0x00000000e9b80000)
  from space 3584K, 99% used [0x00000000ebd00000,0x00000000ec078010,0x00000000ec080000)
  to   space 14848K, 0% used [0x00000000eae80000,0x00000000eae80000,0x00000000ebd00000)
 ParOldGen       total 110592K, used 41013K [0x00000000a0000000, 0x00000000a6c00000, 0x00000000e0000000)
  object space 110592K, 37% used [0x00000000a0000000,0x00000000a280d438,0x00000000a6c00000)
 Metaspace       used 75774K, capacity 78308K, committed 78592K, reserved 1118208K
  class space    used 9820K, capacity 10438K, committed 10496K, reserved 1048576K
}

